<?xml version="1.0" encoding="UTF-8"?>
<!-- Generated by org.testng.reporters.JUnitReportReporter -->
<testsuite hostname="DESKTOP-9UC7ON0" failures="0" tests="1" name="linkedinTest.LoginTest" time="14.109" errors="0" timestamp="2022-04-01T22:46:47 IDT" skipped="0">
  <testcase classname="linkedinTest.LoginTest" name="User_Can_login_Successfully" time="14.109"/>
  <system-out/>
</testsuite> <!-- linkedinTest.LoginTest -->
